Using pre-set license
Built from '2022.3/staging' branch; Version is '2022.3.14f1 (eff2de9070d8) revision 15725278'; Using compiler version '192829333'; Build Type 'Release'
OS: 'Windows 10  (10.0.19045) 64bit Education' Language: 'ko' Physical Memory: 16318 MB
BatchMode: 1, IsHumanControllingUs: 0, StartBugReporterOnCrash: 0, Is64bit: 1, IsPro: 1

COMMAND LINE ARGUMENTS:
C:\Program Files\Unity\Hub\Editor\2022.3.14f1\Editor\Unity.exe
-adb2
-batchMode
-noUpm
-name
AssetImportWorker0
-projectPath
C:/Users/Administrator/Desktop/Game Project/Portfolio/Portfolio
-logFile
Logs/AssetImportWorker0.log
-srvPort
65120
Successfully changed project path to: C:/Users/Administrator/Desktop/Game Project/Portfolio/Portfolio
C:/Users/Administrator/Desktop/Game Project/Portfolio/Portfolio
[UnityMemory] Configuration Parameters - Can be set up in boot.config
    "memorysetup-bucket-allocator-granularity=16"
    "memorysetup-bucket-allocator-bucket-count=8"
    "memorysetup-bucket-allocator-block-size=33554432"
    "memorysetup-bucket-allocator-block-count=8"
    "memorysetup-main-allocator-block-size=16777216"
    "memorysetup-thread-allocator-block-size=16777216"
    "memorysetup-gfx-main-allocator-block-size=16777216"
    "memorysetup-gfx-thread-allocator-block-size=16777216"
    "memorysetup-cache-allocator-block-size=4194304"
    "memorysetup-typetree-allocator-block-size=2097152"
    "memorysetup-profiler-bucket-allocator-granularity=16"
    "memorysetup-profiler-bucket-allocator-bucket-count=8"
    "memorysetup-profiler-bucket-allocator-block-size=33554432"
    "memorysetup-profiler-bucket-allocator-block-count=8"
    "memorysetup-profiler-allocator-block-size=16777216"
    "memorysetup-profiler-editor-allocator-block-size=1048576"
    "memorysetup-temp-allocator-size-main=16777216"
    "memorysetup-job-temp-allocator-block-size=2097152"
    "memorysetup-job-temp-allocator-block-size-background=1048576"
    "memorysetup-job-temp-allocator-reduction-small-platforms=262144"
    "memorysetup-allocator-temp-initial-block-size-main=262144"
    "memorysetup-allocator-temp-initial-block-size-worker=262144"
    "memorysetup-temp-allocator-size-background-worker=32768"
    "memorysetup-temp-allocator-size-job-worker=262144"
    "memorysetup-temp-allocator-size-preload-manager=33554432"
    "memorysetup-temp-allocator-size-nav-mesh-worker=65536"
    "memorysetup-temp-allocator-size-audio-worker=65536"
    "memorysetup-temp-allocator-size-cloud-worker=32768"
    "memorysetup-temp-allocator-size-gi-baking-worker=262144"
    "memorysetup-temp-allocator-size-gfx=262144"
Player connection [10340] Host "[IP] 192.168.0.124 [Port] 0 [Flags] 2 [Guid] 1097250178 [EditorId] 1097250178 [Version] 1048832 [Id] WindowsEditor(7,I-07) [Debug] 1 [PackageName] WindowsEditor [ProjectName] Editor" joined multi-casting on [225.0.0.222:54997]...

Player connection [10340] Host "[IP] 192.168.0.124 [Port] 0 [Flags] 2 [Guid] 1097250178 [EditorId] 1097250178 [Version] 1048832 [Id] WindowsEditor(7,I-07) [Debug] 1 [PackageName] WindowsEditor [ProjectName] Editor" joined alternative multi-casting on [225.0.0.222:34997]...

[Physics::Module] Initialized MultithreadedJobDispatcher with 11 workers.
Refreshing native plugins compatible for Editor in 7.50 ms, found 3 plugins.
Preloading 0 native plugins for Editor in 0.00 ms.
Initialize engine version: 2022.3.14f1 (eff2de9070d8)
[Subsystems] Discovering subsystems at path C:/Program Files/Unity/Hub/Editor/2022.3.14f1/Editor/Data/Resources/UnitySubsystems
[Subsystems] Discovering subsystems at path C:/Users/Administrator/Desktop/Game Project/Portfolio/Portfolio/Assets
GfxDevice: creating device client; threaded=0; jobified=0
Direct3D:
    Version:  Direct3D 11.0 [level 11.1]
    Renderer: NVIDIA GeForce GTX 1660 (ID=0x2184)
    Vendor:   NVIDIA
    VRAM:     5980 MB
    Driver:   31.0.15.3623
Initialize mono
Mono path[0] = 'C:/Program Files/Unity/Hub/Editor/2022.3.14f1/Editor/Data/Managed'
Mono path[1] = 'C:/Program Files/Unity/Hub/Editor/2022.3.14f1/Editor/Data/MonoBleedingEdge/lib/mono/unityjit-win32'
Mono config path = 'C:/Program Files/Unity/Hub/Editor/2022.3.14f1/Editor/Data/MonoBleedingEdge/etc'
Using monoOptions --debugger-agent=transport=dt_socket,embedding=1,server=y,suspend=n,address=127.0.0.1:56868
Begin MonoManager ReloadAssembly
Registering precompiled unity dll's ...
Register platform support module: C:/Program Files/Unity/Hub/Editor/2022.3.14f1/Editor/Data/PlaybackEngines/AndroidPlayer/UnityEditor.Android.Extensions.dll
Register platform support module: C:/Program Files/Unity/Hub/Editor/2022.3.14f1/Editor/Data/PlaybackEngines/WindowsStandaloneSupport/UnityEditor.WindowsStandalone.Extensions.dll
Registered in 0.008610 seconds.
- Loaded All Assemblies, in  0.384 seconds
Native extension for WindowsStandalone target not found
Native extension for Android target not found
Android Extension - Scanning For ADB Devices 238 ms
Mono: successfully reloaded assembly
- Finished resetting the current domain, in  0.606 seconds
Domain Reload Profiling: 989ms
	BeginReloadAssembly (122ms)
		ExecutionOrderSort (0ms)
		DisableScriptedObjects (0ms)
		BackupInstance (0ms)
		ReleaseScriptingObjects (0ms)
		CreateAndSetChildDomain (1ms)
	RebuildCommonClasses (36ms)
	RebuildNativeTypeToScriptingClass (11ms)
	initialDomainReloadingComplete (64ms)
	LoadAllAssembliesAndSetupDomain (149ms)
		LoadAssemblies (121ms)
		RebuildTransferFunctionScriptingTraits (0ms)
		AnalyzeDomain (147ms)
			TypeCache.Refresh (146ms)
				TypeCache.ScanAssembly (132ms)
			ScanForSourceGeneratedMonoScriptInfo (0ms)
			ResolveRequiredComponents (0ms)
	FinalizeReload (606ms)
		ReleaseScriptCaches (0ms)
		RebuildScriptCaches (0ms)
		SetupLoadedEditorAssemblies (543ms)
			LogAssemblyErrors (0ms)
			InitializePlatformSupportModulesInManaged (355ms)
			SetLoadedEditorAssemblies (5ms)
			RefreshPlugins (0ms)
			BeforeProcessingInitializeOnLoad (2ms)
			ProcessInitializeOnLoadAttributes (128ms)
			ProcessInitializeOnLoadMethodAttributes (53ms)
			AfterProcessingInitializeOnLoad (0ms)
			EditorAssembliesLoaded (0ms)
		ExecutionOrderSort2 (0ms)
		AwakeInstancesAfterBackupRestoration (0ms)
========================================================================
Worker process is ready to serve import requests
Begin MonoManager ReloadAssembly
- Loaded All Assemblies, in  0.702 seconds
Refreshing native plugins compatible for Editor in 2.63 ms, found 3 plugins.
Native extension for WindowsStandalone target not found
Native extension for Android target not found
Package Manager log level set to [2]
[Package Manager] Server::EnsureServerProcessIsRunning -- launch failed, reason: Unity was launched with the -noUpm command-line argument
[Package Manager] UpmClient::Send -- Unable to send message (not connected to UPM process).
[Package Manager] Cannot connect to Unity Package Manager local server
Mono: successfully reloaded assembly
- Finished resetting the current domain, in  0.608 seconds
Domain Reload Profiling: 1308ms
	BeginReloadAssembly (156ms)
		ExecutionOrderSort (0ms)
		DisableScriptedObjects (7ms)
		BackupInstance (0ms)
		ReleaseScriptingObjects (0ms)
		CreateAndSetChildDomain (24ms)
	RebuildCommonClasses (38ms)
	RebuildNativeTypeToScriptingClass (12ms)
	initialDomainReloadingComplete (44ms)
	LoadAllAssembliesAndSetupDomain (449ms)
		LoadAssemblies (322ms)
		RebuildTransferFunctionScriptingTraits (0ms)
		AnalyzeDomain (217ms)
			TypeCache.Refresh (194ms)
				TypeCache.ScanAssembly (172ms)
			ScanForSourceGeneratedMonoScriptInfo (17ms)
			ResolveRequiredComponents (5ms)
	FinalizeReload (608ms)
		ReleaseScriptCaches (0ms)
		RebuildScriptCaches (0ms)
		SetupLoadedEditorAssemblies (446ms)
			LogAssemblyErrors (0ms)
			InitializePlatformSupportModulesInManaged (28ms)
			SetLoadedEditorAssemblies (4ms)
			RefreshPlugins (0ms)
			BeforeProcessingInitializeOnLoad (63ms)
			ProcessInitializeOnLoadAttributes (318ms)
			ProcessInitializeOnLoadMethodAttributes (27ms)
			AfterProcessingInitializeOnLoad (6ms)
			EditorAssembliesLoaded (0ms)
		ExecutionOrderSort2 (0ms)
		AwakeInstancesAfterBackupRestoration (6ms)
Launched and connected shader compiler UnityShaderCompiler.exe after 0.03 seconds
Refreshing native plugins compatible for Editor in 2.41 ms, found 3 plugins.
Preloading 0 native plugins for Editor in 0.00 ms.
Unloading 3094 Unused Serialized files (Serialized files now loaded: 0)
Unloading 32 unused Assets / (56.7 KB). Loaded Objects now: 3561.
Memory consumption went from 132.8 MB to 132.7 MB.
Total: 2.936900 ms (FindLiveObjects: 0.254100 ms CreateObjectMapping: 0.204900 ms MarkObjects: 2.395100 ms  DeleteObjects: 0.081700 ms)

AssetImportParameters requested are different than current active one (requested -> active):
  custom:container-demuxer-ogg: 62fdf1f143b41e24485cea50d1cbac27 -> 
  custom:video-decoder-ogg-theora: a1e56fd34408186e4bbccfd4996cb3dc -> 
  custom:framework-win-MediaFoundation: 216162199b28c13a410421893ffa2e32 -> 
  custom:container-demuxer-webm: 4f35f7cbe854078d1ac9338744f61a02 -> 
  custom:container-muxer-webm: aa71ff27fc2769a1b78a27578f13a17b -> 
  custom:video-decoder-webm-vp8: 9c59270c3fd7afecdb556c50c9e8de78 -> 
  custom:AudioImporter_EditorPlatform: d09bf68614088b80899f8185d706f6e7 -> 
  custom:video-encoder-webm-vp8: eb34c28f22e8b96e1ab97ce403110664 -> 
  custom:audio-decoder-ogg-vorbis: bf7c407c2cedff20999df2af8eb42d56 -> 
  custom:audio-encoder-webm-vorbis: bf7c407c2cedff20999df2af8eb42d56 -> 
========================================================================
Received Import Request.
  Time since last request: 512.528438 seconds.
  path: Assets/Portfolio/POLYGON city pack/Prefabs/Floor/Street 6 Prefab.prefab
  artifactKey: Guid(9cf6fe41a87aee14499e9aa67b6e1e2b) Importer(815301076,1909f56bfc062723c751e8b465ee728b)
Start importing Assets/Portfolio/POLYGON city pack/Prefabs/Floor/Street 6 Prefab.prefab using Guid(9cf6fe41a87aee14499e9aa67b6e1e2b) Importer(815301076,1909f56bfc062723c751e8b465ee728b)  -> (artifact id: 'a696b1213913dbb54d853bad6f7739ac') in 8.214695 seconds
Number of updated asset objects reloaded before import = 0
Number of asset objects unloaded after import = 12
========================================================================
Received Import Request.
  Time since last request: 0.000086 seconds.
  path: Assets/Portfolio/POLYGON city pack/Prefabs/Floor/Street 11 Prefab.prefab
  artifactKey: Guid(40f811db462dd7b4db94f7634d68e2aa) Importer(815301076,1909f56bfc062723c751e8b465ee728b)
Start importing Assets/Portfolio/POLYGON city pack/Prefabs/Floor/Street 11 Prefab.prefab using Guid(40f811db462dd7b4db94f7634d68e2aa) Importer(815301076,1909f56bfc062723c751e8b465ee728b)  -> (artifact id: '3d40b78763646411972bb84baacb6278') in 0.027064 seconds
Number of updated asset objects reloaded before import = 0
Number of asset objects unloaded after import = 12
========================================================================
Received Import Request.
  Time since last request: 0.000027 seconds.
  path: Assets/Portfolio/POLYGON city pack/Prefabs/Floor/Street 10 Prefab.prefab
  artifactKey: Guid(d3659a253442a2d48b9e5a13a46d70e5) Importer(815301076,1909f56bfc062723c751e8b465ee728b)
Start importing Assets/Portfolio/POLYGON city pack/Prefabs/Floor/Street 10 Prefab.prefab using Guid(d3659a253442a2d48b9e5a13a46d70e5) Importer(815301076,1909f56bfc062723c751e8b465ee728b)  -> (artifact id: '201152b04acd2031c171f862b5809d0b') in 0.018706 seconds
Number of updated asset objects reloaded before import = 0
Number of asset objects unloaded after import = 12
========================================================================
Received Import Request.
  Time since last request: 0.000021 seconds.
  path: Assets/Portfolio/POLYGON city pack/Prefabs/Floor/Sideway 4 prefab.prefab
  artifactKey: Guid(f24cfa7ea7c5c764dad9dddadf04cde2) Importer(815301076,1909f56bfc062723c751e8b465ee728b)
Start importing Assets/Portfolio/POLYGON city pack/Prefabs/Floor/Sideway 4 prefab.prefab using Guid(f24cfa7ea7c5c764dad9dddadf04cde2) Importer(815301076,1909f56bfc062723c751e8b465ee728b)  -> (artifact id: '8391f48c4cec1108caecde61db971d76') in 0.017866 seconds
Number of updated asset objects reloaded before import = 0
Number of asset objects unloaded after import = 12
========================================================================
Received Import Request.
  Time since last request: 0.000019 seconds.
  path: Assets/Portfolio/POLYGON city pack/Prefabs/Floor/Street 1 Prefab.prefab
  artifactKey: Guid(625d4ab1ce4723c449f165b8e7f27de1) Importer(815301076,1909f56bfc062723c751e8b465ee728b)
Start importing Assets/Portfolio/POLYGON city pack/Prefabs/Floor/Street 1 Prefab.prefab using Guid(625d4ab1ce4723c449f165b8e7f27de1) Importer(815301076,1909f56bfc062723c751e8b465ee728b)  -> (artifact id: 'c1d9b8cd02fd9aeca8d29eb70978182c') in 0.023880 seconds
Number of updated asset objects reloaded before import = 0
Number of asset objects unloaded after import = 12
========================================================================
Received Import Request.
  Time since last request: 0.000027 seconds.
  path: Assets/Portfolio/POLYGON city pack/Prefabs/Floor/Street 14 Prefab.prefab
  artifactKey: Guid(dfad69e67150a0647b6f696171d22428) Importer(815301076,1909f56bfc062723c751e8b465ee728b)
Start importing Assets/Portfolio/POLYGON city pack/Prefabs/Floor/Street 14 Prefab.prefab using Guid(dfad69e67150a0647b6f696171d22428) Importer(815301076,1909f56bfc062723c751e8b465ee728b)  -> (artifact id: '1f518966346f6dd9e7c00d3be614e29a') in 0.021343 seconds
Number of updated asset objects reloaded before import = 0
Number of asset objects unloaded after import = 12
========================================================================
Received Import Request.
  Time since last request: 0.000023 seconds.
  path: Assets/Portfolio/POLYGON city pack/Prefabs/Floor/Sideway 1 prefab.prefab
  artifactKey: Guid(ff7206cbdafefa144bb8ac229bf9046e) Importer(815301076,1909f56bfc062723c751e8b465ee728b)
Start importing Assets/Portfolio/POLYGON city pack/Prefabs/Floor/Sideway 1 prefab.prefab using Guid(ff7206cbdafefa144bb8ac229bf9046e) Importer(815301076,1909f56bfc062723c751e8b465ee728b)  -> (artifact id: '04268f72cf6e2fcb52e0a8e6db614f90') in 0.024201 seconds
Number of updated asset objects reloaded before import = 0
Number of asset objects unloaded after import = 15
========================================================================
Received Import Request.
  Time since last request: 0.000015 seconds.
  path: Assets/Portfolio/POLYGON city pack/Prefabs/Floor/WalkWay 5 prefab.prefab
  artifactKey: Guid(7446a392a730ac14d9cc70d21cf7ace0) Importer(815301076,1909f56bfc062723c751e8b465ee728b)
Start importing Assets/Portfolio/POLYGON city pack/Prefabs/Floor/WalkWay 5 prefab.prefab using Guid(7446a392a730ac14d9cc70d21cf7ace0) Importer(815301076,1909f56bfc062723c751e8b465ee728b)  -> (artifact id: '07bb077b4d1e8a0813fa84209b2bf29d') in 0.014729 seconds
Number of updated asset objects reloaded before import = 0
Number of asset objects unloaded after import = 12
========================================================================
Received Import Request.
  Time since last request: 0.000030 seconds.
  path: Assets/Portfolio/POLYGON city pack/Prefabs/Floor/Walkway 4 Prefab.prefab
  artifactKey: Guid(f05e5e37b07893d42b4d91839e7299d0) Importer(815301076,1909f56bfc062723c751e8b465ee728b)
Start importing Assets/Portfolio/POLYGON city pack/Prefabs/Floor/Walkway 4 Prefab.prefab using Guid(f05e5e37b07893d42b4d91839e7299d0) Importer(815301076,1909f56bfc062723c751e8b465ee728b)  -> (artifact id: '243e8f6b465c765051d73f13e4ea14d3') in 0.015603 seconds
Number of updated asset objects reloaded before import = 0
Number of asset objects unloaded after import = 14
========================================================================
Received Import Request.
  Time since last request: 0.000030 seconds.
  path: Assets/Portfolio/POLYGON city pack/Prefabs/Floor/stoneway 4.prefab
  artifactKey: Guid(7b6b731fe1cb4794496aa07fda2bf67c) Importer(815301076,1909f56bfc062723c751e8b465ee728b)
Start importing Assets/Portfolio/POLYGON city pack/Prefabs/Floor/stoneway 4.prefab using Guid(7b6b731fe1cb4794496aa07fda2bf67c) Importer(815301076,1909f56bfc062723c751e8b465ee728b)  -> (artifact id: '2cc56f23e5005e1dfd797658c6d88711') in 0.016288 seconds
Number of updated asset objects reloaded before import = 0
Number of asset objects unloaded after import = 13
========================================================================
Received Import Request.
  Time since last request: 0.000020 seconds.
  path: Assets/Portfolio/POLYGON city pack/Prefabs/Floor/Walkway 1 Prefab.prefab
  artifactKey: Guid(28d5ea07bacfa6346a6ccb36b5789cae) Importer(815301076,1909f56bfc062723c751e8b465ee728b)
Start importing Assets/Portfolio/POLYGON city pack/Prefabs/Floor/Walkway 1 Prefab.prefab using Guid(28d5ea07bacfa6346a6ccb36b5789cae) Importer(815301076,1909f56bfc062723c751e8b465ee728b)  -> (artifact id: 'fd817e8d8853318570ddca34dc9d2704') in 0.022710 seconds
Number of updated asset objects reloaded before import = 0
Number of asset objects unloaded after import = 14
========================================================================
Received Import Request.
  Time since last request: 0.000028 seconds.
  path: Assets/Portfolio/POLYGON city pack/Prefabs/Floor/Sideway 8 prefab.prefab
  artifactKey: Guid(5617f09499355b14bb58fe8aeb052d7e) Importer(815301076,1909f56bfc062723c751e8b465ee728b)
Start importing Assets/Portfolio/POLYGON city pack/Prefabs/Floor/Sideway 8 prefab.prefab using Guid(5617f09499355b14bb58fe8aeb052d7e) Importer(815301076,1909f56bfc062723c751e8b465ee728b)  -> (artifact id: '12a2d8857efb423d55d7d752cb1d2dbc') in 0.017905 seconds
Number of updated asset objects reloaded before import = 0
Number of asset objects unloaded after import = 15
========================================================================
Received Import Request.
  Time since last request: 0.000033 seconds.
  path: Assets/Portfolio/POLYGON city pack/Prefabs/Floor/WalkWay 6 prefab.prefab
  artifactKey: Guid(ac61809f89d132d4b85c3d14a3725846) Importer(815301076,1909f56bfc062723c751e8b465ee728b)
Start importing Assets/Portfolio/POLYGON city pack/Prefabs/Floor/WalkWay 6 prefab.prefab using Guid(ac61809f89d132d4b85c3d14a3725846) Importer(815301076,1909f56bfc062723c751e8b465ee728b)  -> (artifact id: '511d5f1002d52050f7d8e4aa3334c057') in 0.016195 seconds
Number of updated asset objects reloaded before import = 0
Number of asset objects unloaded after import = 14
========================================================================
Received Import Request.
  Time since last request: 0.000025 seconds.
  path: Assets/Portfolio/POLYGON city pack/Prefabs/Floor/Street 20 Prefab.prefab
  artifactKey: Guid(7de21ec9cb2ee3c4e8b383869c2b441a) Importer(815301076,1909f56bfc062723c751e8b465ee728b)
Start importing Assets/Portfolio/POLYGON city pack/Prefabs/Floor/Street 20 Prefab.prefab using Guid(7de21ec9cb2ee3c4e8b383869c2b441a) Importer(815301076,1909f56bfc062723c751e8b465ee728b)  -> (artifact id: '477d7e7dd6192a014f858615f715d4ea') in 0.018973 seconds
Number of updated asset objects reloaded before import = 0
Number of asset objects unloaded after import = 12
========================================================================
Received Import Request.
  Time since last request: 0.000019 seconds.
  path: Assets/Portfolio/POLYGON city pack/Prefabs/Floor/Street 8 Prefab.prefab
  artifactKey: Guid(45374165b7b045b498462bc2d3987a31) Importer(815301076,1909f56bfc062723c751e8b465ee728b)
Start importing Assets/Portfolio/POLYGON city pack/Prefabs/Floor/Street 8 Prefab.prefab using Guid(45374165b7b045b498462bc2d3987a31) Importer(815301076,1909f56bfc062723c751e8b465ee728b)  -> (artifact id: '4a51d69ff075409e7e4a8adbab501281') in 0.016818 seconds
Number of updated asset objects reloaded before import = 0
Number of asset objects unloaded after import = 12
========================================================================
Received Import Request.
  Time since last request: 0.000025 seconds.
  path: Assets/Portfolio/POLYGON city pack/Prefabs/Floor/Street 17 Prefab.prefab
  artifactKey: Guid(ea27830310984ee42a182381495d5561) Importer(815301076,1909f56bfc062723c751e8b465ee728b)
Start importing Assets/Portfolio/POLYGON city pack/Prefabs/Floor/Street 17 Prefab.prefab using Guid(ea27830310984ee42a182381495d5561) Importer(815301076,1909f56bfc062723c751e8b465ee728b)  -> (artifact id: '1b8e06c6952ce8f0e85142f4bbf950f1') in 0.018374 seconds
Number of updated asset objects reloaded before import = 0
Number of asset objects unloaded after import = 12
Editor requested this worker to shutdown with reason: Scaling down because of idle timeout
TcpMessagingSession - receive error: operation aborted. errorcode: 995, details: 스레드 종료 또는 응용 프로그램 요청 때문에 I/O 작업이 취소되었습니다.
AssetImportWorker is now disconnected from the server
Process exiting
Exiting without the bug reporter. Application will terminate with return code 0